<?xml version="1.0" encoding="UTF-8"?>
<!-- Generated by org.testng.reporters.JUnitReportReporter -->
<testsuite hostname="Danny-PC" name="ch.idsia.unittests.CmdLineOptionsTest" tests="8" failures="0" timestamp="15 Aug 2014 14:13:05 GMT" time="0.014" errors="1">
  <testcase name="testSetArgs" time="0.001" classname="ch.idsia.unittests.CmdLineOptionsTest"/>
  <testcase name="testSetMarioInvulnerable" time="0.001" classname="ch.idsia.unittests.CmdLineOptionsTest"/>
  <testcase name="testDefaultAgent" time="0.002" classname="ch.idsia.unittests.CmdLineOptionsTest"/>
  <testcase name="testReset" time="0.002" classname="ch.idsia.unittests.CmdLineOptionsTest"/>
  <testcase name="testTotalNumberOfOptions" time="0.001" classname="ch.idsia.unittests.CmdLineOptionsTest">
    <error type="junit.framework.AssertionFailedError" message="expected:&lt;56&gt; but was:&lt;57&gt;">
      <![CDATA[junit.framework.AssertionFailedError: expected:<56> but was:<57>
	at junit.framework.Assert.fail(Assert.java:47)
	at junit.framework.Assert.failNotEquals(Assert.java:283)
	at junit.framework.Assert.assertEquals(Assert.java:64)
	at junit.framework.Assert.assertEquals(Assert.java:195)
	at junit.framework.Assert.assertEquals(Assert.java:201)
	at ch.idsia.unittests.CmdLineOptionsTest.testTotalNumberOfOptions(CmdLineOptionsTest.java:64)
	at sun.reflect.NativeMethodAccessorImpl.invoke0(Native Method)
	at sun.reflect.NativeMethodAccessorImpl.invoke(Unknown Source)
	at sun.reflect.DelegatingMethodAccessorImpl.invoke(Unknown Source)
	at java.lang.reflect.Method.invoke(Unknown Source)
	at org.testng.internal.MethodInvocationHelper.invokeMethod(MethodInvocationHelper.java:84)
	at org.testng.internal.Invoker.invokeMethod(Invoker.java:714)
	at org.testng.internal.Invoker.invokeTestMethod(Invoker.java:901)
	at org.testng.internal.Invoker.invokeTestMethods(Invoker.java:1231)
	at org.testng.internal.TestMethodWorker.invokeTestMethods(TestMethodWorker.java:127)
	at org.testng.internal.TestMethodWorker.run(TestMethodWorker.java:111)
	at org.testng.TestRunner.privateRun(TestRunner.java:767)
	at org.testng.TestRunner.run(TestRunner.java:617)
	at org.testng.SuiteRunner.runTest(SuiteRunner.java:334)
	at org.testng.SuiteRunner.runSequentially(SuiteRunner.java:329)
	at org.testng.SuiteRunner.privateRun(SuiteRunner.java:291)
	at org.testng.SuiteRunner.run(SuiteRunner.java:240)
	at org.testng.SuiteRunnerWorker.runSuite(SuiteRunnerWorker.java:52)
	at org.testng.SuiteRunnerWorker.run(SuiteRunnerWorker.java:86)
	at org.testng.TestNG.runSuitesSequentially(TestNG.java:1224)
	at org.testng.TestNG.runSuitesLocally(TestNG.java:1149)
	at org.testng.TestNG.run(TestNG.java:1057)
	at org.testng.remote.RemoteTestNG.run(RemoteTestNG.java:111)
	at org.testng.remote.RemoteTestNG.initAndRun(RemoteTestNG.java:204)
	at org.testng.remote.RemoteTestNG.main(RemoteTestNG.java:175)
]]>
    </error>
  </testcase> <!-- testTotalNumberOfOptions -->
  <testcase name="testStop" time="0.001" classname="ch.idsia.unittests.CmdLineOptionsTest"/>
  <testcase name="testAllOptionsHaveDefaults" time="0.005" classname="ch.idsia.unittests.CmdLineOptionsTest"/>
  <testcase name="testSetLevelEnemies" time="0.001" classname="ch.idsia.unittests.CmdLineOptionsTest"/>
</testsuite> <!-- ch.idsia.unittests.CmdLineOptionsTest -->
